<?xml version="1.0" encoding="UTF-8"?>
<testng-results ignored="0" total="1" passed="1" failed="0" skipped="0">
  <reporter-output>
  </reporter-output>
  <suite started-at="2023-11-10T13:31:09 CST" name="Default suite" finished-at="2023-11-10T13:31:20 CST" duration-ms="10672">
    <groups>
    </groups>
    <test started-at="2023-11-10T13:31:09 CST" name="Default test" finished-at="2023-11-10T13:31:20 CST" duration-ms="10672">
      <class name="com.test.automation.tests.script.SalesForceLoginAutomationScript">
        <test-method is-config="true" signature="setUpBeforeTest()[pri:0, instance:com.test.automation.tests.script.SalesForceLoginAutomationScript@233795b6]" started-at="2023-11-10T13:31:09 CST" name="setUpBeforeTest" finished-at="2023-11-10T13:31:10 CST" duration-ms="611" status="PASS">
          <reporter-output>
          </reporter-output>
        </test-method> <!-- setUpBeforeTest -->
        <test-method is-config="true" signature="setUpBeforeTestMethod(java.lang.String)[pri:0, instance:com.test.automation.tests.script.SalesForceLoginAutomationScript@233795b6]" started-at="2023-11-10T13:31:10 CST" name="setUpBeforeTestMethod" finished-at="2023-11-10T13:31:16 CST" duration-ms="5907" status="PASS">
          <params>
            <param index="0">
              <value>
                <![CDATA[firefox]]>
              </value>
            </param>
          </params>
          <reporter-output>
          </reporter-output>
        </test-method> <!-- setUpBeforeTestMethod -->
        <test-method signature="Forgot_Password4B()[pri:0, instance:com.test.automation.tests.script.SalesForceLoginAutomationScript@233795b6]" started-at="2023-11-10T13:31:16 CST" name="Forgot_Password4B" finished-at="2023-11-10T13:31:18 CST" duration-ms="2505" status="PASS">
          <reporter-output>
          </reporter-output>
        </test-method> <!-- Forgot_Password4B -->
        <test-method is-config="true" signature="tearDownAfterTestMethod()[pri:0, instance:com.test.automation.tests.script.SalesForceLoginAutomationScript@233795b6]" started-at="2023-11-10T13:31:18 CST" name="tearDownAfterTestMethod" finished-at="2023-11-10T13:31:20 CST" duration-ms="1594" status="PASS">
          <reporter-output>
          </reporter-output>
        </test-method> <!-- tearDownAfterTestMethod -->
      </class> <!-- com.test.automation.tests.script.SalesForceLoginAutomationScript -->
    </test> <!-- Default test -->
  </suite> <!-- Default suite -->
</testng-results>
